正在启动浏览器...
共加载 1293 个汉字
从已有文件加载了 228 个结果
开始抓取 1293 个汉字的笔顺 GIF 链接...
结果将边查边写入到 chinese_char_gifs.txt 文件中
每次查询间隔 10-60 秒，预计需要 3.6-21.6 小时

[1/1293] '的' 已存在，跳过
[2/1293] '一' 已存在，跳过
[3/1293] '是' 已存在，跳过
[4/1293] '在' 已存在，跳过
[5/1293] '不' 已存在，跳过
[6/1293] '了' 已存在，跳过
[7/1293] '有' 已存在，跳过
[8/1293] '和' 已存在，跳过
[9/1293] '人' 已存在，跳过
[10/1293] '这' 已存在，跳过
[11/1293] '中' 已存在，跳过
[12/1293] '大' 已存在，跳过
[13/1293] '为' 已存在，跳过
[14/1293] '上' 已存在，跳过
[15/1293] '个' 已存在，跳过
[16/1293] '国' 已存在，跳过
[17/1293] '我' 已存在，跳过
[18/1293] '以' 已存在，跳过
[19/1293] '要' 已存在，跳过
[20/1293] '他' 已存在，跳过
[21/1293] '时' 已存在，跳过
[22/1293] '来' 已存在，跳过
[23/1293] '用' 已存在，跳过
[24/1293] '们' 已存在，跳过
[25/1293] '生' 已存在，跳过
[26/1293] '到' 已存在，跳过
[27/1293] '作' 已存在，跳过
[28/1293] '地' 已存在，跳过
[29/1293] '于' 已存在，跳过
[30/1293] '出' 已存在，跳过
[31/1293] '就' 已存在，跳过
[32/1293] '分' 已存在，跳过
[33/1293] '对' 已存在，跳过
[34/1293] '成' 已存在，跳过
[35/1293] '会' 已存在，跳过
[36/1293] '可' 已存在，跳过
[37/1293] '主' 已存在，跳过
[38/1293] '发' 已存在，跳过
[39/1293] '年' 已存在，跳过
[40/1293] '动' 已存在，跳过
[41/1293] '同' 已存在，跳过
[42/1293] '工' 已存在，跳过
[43/1293] '也' 已存在，跳过
[44/1293] '下' 已存在，跳过
[45/1293] '过' 已存在，跳过
[46/1293] '子' 已存在，跳过
[47/1293] '说' 已存在，跳过
[48/1293] '产' 已存在，跳过
[49/1293] '种' 已存在，跳过
[50/1293] '面' 已存在，跳过
[51/1293] '而' 已存在，跳过
[52/1293] '方' 已存在，跳过
[53/1293] '后' 已存在，跳过
[54/1293] '多' 已存在，跳过
[55/1293] '定' 已存在，跳过
[56/1293] '行' 已存在，跳过
[57/1293] '学' 已存在，跳过
[58/1293] '法' 已存在，跳过
[59/1293] '所' 已存在，跳过
[60/1293] '民' 已存在，跳过
[61/1293] '得' 已存在，跳过
[62/1293] '经' 已存在，跳过
[63/1293] '十' 已存在，跳过
[64/1293] '三' 已存在，跳过
[65/1293] '之' 已存在，跳过
[66/1293] '进' 已存在，跳过
[67/1293] '着' 已存在，跳过
[68/1293] '等' 已存在，跳过
[69/1293] '部' 已存在，跳过
[70/1293] '度' 已存在，跳过
[71/1293] '家' 已存在，跳过
[72/1293] '电' 已存在，跳过
[73/1293] '力' 已存在，跳过
[74/1293] '里' 已存在，跳过
[75/1293] '如' 已存在，跳过
[76/1293] '水' 已存在，跳过
[77/1293] '化' 已存在，跳过
[78/1293] '高' 已存在，跳过
[79/1293] '自' 已存在，跳过
[80/1293] '二' 已存在，跳过
[81/1293] '理' 已存在，跳过
[82/1293] '起' 已存在，跳过
[83/1293] '小' 已存在，跳过
[84/1293] '物' 已存在，跳过
[85/1293] '现' 已存在，跳过
[86/1293] '实' 已存在，跳过
[87/1293] '加' 已存在，跳过
[88/1293] '量' 已存在，跳过
[89/1293] '都' 已存在，跳过
[90/1293] '两' 已存在，跳过
[91/1293] '体' 已存在，跳过
[92/1293] '制' 已存在，跳过
[93/1293] '机' 已存在，跳过
[94/1293] '当' 已存在，跳过
[95/1293] '使' 已存在，跳过
[96/1293] '点' 已存在，跳过
[97/1293] '从' 已存在，跳过
[98/1293] '业' 已存在，跳过
[99/1293] '本' 已存在，跳过
[100/1293] '去' 已存在，跳过
[101/1293] '把' 已存在，跳过
[102/1293] '性' 已存在，跳过
[103/1293] '好' 已存在，跳过
[104/1293] '应' 已存在，跳过
[105/1293] '开' 已存在，跳过
[106/1293] '它' 已存在，跳过
[107/1293] '合' 已存在，跳过
[108/1293] '还' 已存在，跳过
[109/1293] '因' 已存在，跳过
[110/1293] '由' 已存在，跳过
[111/1293] '其' 已存在，跳过
[112/1293] '些' 已存在，跳过
[113/1293] '然' 已存在，跳过
[114/1293] '前' 已存在，跳过
[115/1293] '外' 已存在，跳过
[116/1293] '天' 已存在，跳过
[117/1293] '政' 已存在，跳过
[118/1293] '四' 已存在，跳过
[119/1293] '日' 已存在，跳过
[120/1293] '那' 已存在，跳过
[121/1293] '社' 已存在，跳过
[122/1293] '义' 已存在，跳过
[123/1293] '事' 已存在，跳过
[124/1293] '平' 已存在，跳过
[125/1293] '形' 已存在，跳过
[126/1293] '相' 已存在，跳过
[127/1293] '全' 已存在，跳过
[128/1293] '表' 已存在，跳过
[129/1293] '间' 已存在，跳过
[130/1293] '样' 已存在，跳过
[131/1293] '与' 已存在，跳过
[132/1293] '关' 已存在，跳过
[133/1293] '各' 已存在，跳过
[134/1293] '重' 已存在，跳过
[135/1293] '新' 已存在，跳过
[136/1293] '线' 已存在，跳过
[137/1293] '内' 已存在，跳过
[138/1293] '数' 已存在，跳过
[139/1293] '正' 已存在，跳过
[140/1293] '心' 已存在，跳过
[141/1293] '反' 已存在，跳过
[142/1293] '你' 已存在，跳过
[143/1293] '明' 已存在，跳过
[144/1293] '看' 已存在，跳过
[145/1293] '原' 已存在，跳过
[146/1293] '又' 已存在，跳过
[147/1293] '么' 已存在，跳过
[148/1293] '利' 已存在，跳过
[149/1293] '比' 已存在，跳过
[150/1293] '或' 已存在，跳过
[151/1293] '但' 已存在，跳过
[152/1293] '质' 已存在，跳过
[153/1293] '气' 已存在，跳过
[154/1293] '第' 已存在，跳过
[155/1293] '向' 已存在，跳过
[156/1293] '道' 已存在，跳过
[157/1293] '命' 已存在，跳过
[158/1293] '此' 已存在，跳过
[159/1293] '变' 已存在，跳过
[160/1293] '条' 已存在，跳过
[161/1293] '只' 已存在，跳过
[162/1293] '没' 已存在，跳过
[163/1293] '结' 已存在，跳过
[164/1293] '解' 已存在，跳过
[165/1293] '问' 已存在，跳过
[166/1293] '意' 已存在，跳过
[167/1293] '建' 已存在，跳过
[168/1293] '月' 已存在，跳过
[169/1293] '公' 已存在，跳过
[170/1293] '无' 已存在，跳过
[171/1293] '系' 已存在，跳过
[172/1293] '军' 已存在，跳过
[173/1293] '很' 已存在，跳过
[174/1293] '情' 已存在，跳过
[175/1293] '者' 已存在，跳过
[176/1293] '最' 已存在，跳过
[177/1293] '立' 已存在，跳过
[178/1293] '代' 已存在，跳过
[179/1293] '想' 已存在，跳过
[180/1293] '已' 已存在，跳过
[181/1293] '通' 已存在，跳过
[182/1293] '并' 已存在，跳过
[183/1293] '提' 已存在，跳过
[184/1293] '直' 已存在，跳过
[185/1293] '题' 已存在，跳过
[186/1293] '党' 已存在，跳过
[187/1293] '程' 已存在，跳过
[188/1293] '展' 已存在，跳过
[189/1293] '五' 已存在，跳过
[190/1293] '果' 已存在，跳过
[191/1293] '料' 已存在，跳过
[192/1293] '象' 已存在，跳过
[193/1293] '员' 已存在，跳过
[194/1293] '革' 已存在，跳过
[195/1293] '位' 已存在，跳过
[196/1293] '入' 已存在，跳过
[197/1293] '常' 已存在，跳过
[198/1293] '文' 已存在，跳过
[199/1293] '总' 已存在，跳过
[200/1293] '次' 已存在，跳过
[201/1293] '品' 已存在，跳过
[202/1293] '式' 已存在，跳过
[203/1293] '活' 已存在，跳过
[204/1293] '设' 已存在，跳过
[205/1293] '及' 已存在，跳过
[206/1293] '管' 已存在，跳过
[207/1293] 正在查询：'特'
  [FAIL] 未找到 GIF 链接
  等待 46.9 秒...
[208/1293] '件' 已存在，跳过
[209/1293] '长' 已存在，跳过
[210/1293] '求' 已存在，跳过
[211/1293] '老' 已存在，跳过
[212/1293] '头' 已存在，跳过
[213/1293] '基' 已存在，跳过
[214/1293] '资' 已存在，跳过
[215/1293] '边' 已存在，跳过
[216/1293] '流' 已存在，跳过
[217/1293] '路' 已存在，跳过
[218/1293] '级' 已存在，跳过
[219/1293] '少' 已存在，跳过
[220/1293] '图' 已存在，跳过
[221/1293] '山' 已存在，跳过
[222/1293] '统' 已存在，跳过
[223/1293] 正在查询：'接'
  [OK] 找到：https://hanyu-word-gif.cdn.bcebos.com/b452ae53498b...
  等待 41.2 秒...
[224/1293] 正在查询：'知'
  [OK] 找到：https://hanyu-word-gif.cdn.bcebos.com/b456e163c267...
  等待 27.7 秒...
[225/1293] 正在查询：'较'
  [OK] 找到：https://hanyu-word-gif.cdn.bcebos.com/b5ab99ae0ec3...
  等待 51.7 秒...
[226/1293] 正在查询：'将'
  [OK] 找到：https://hanyu-word-gif.cdn.bcebos.com/b49d14251427...
  等待 51.3 秒...
[227/1293] 正在查询：'组'
  [OK] 找到：https://hanyu-word-gif.cdn.bcebos.com/bc7951a68165...
  等待 10.9 秒...
[228/1293] 正在查询：'见'
  [OK] 找到：https://hanyu-word-gif.cdn.bcebos.com/bfca4ca5bcab...
  等待 20.5 秒...
[229/1293] 正在查询：'计'
  [OK] 找到：https://hanyu-word-gif.cdn.bcebos.com/b45f476a25fd...
  等待 31.9 秒...
[230/1293] 正在查询：'别'
  [OK] 找到：https://hanyu-word-gif.cdn.bcebos.com/b49c14a45427...
  等待 37.8 秒...
[231/1293] 正在查询：'她'
  [OK] 找到：https://hanyu-word-gif.cdn.bcebos.com/bcc7dad3a55c...
  等待 35.4 秒...
[232/1293] 正在查询：'手'
  [OK] 找到：https://hanyu-word-gif.cdn.bcebos.com/bab8c8885adb...
  等待 55.1 秒...
[233/1293] 正在查询：'角'
  [OK] 找到：https://hanyu-word-gif.cdn.bcebos.com/b49fe0f11427...
  等待 40.2 秒...
[234/1293] 正在查询：'期'
  [OK] 找到：https://hanyu-word-gif.cdn.bcebos.com/b49e17582427...
  等待 54.8 秒...
[235/1293] 正在查询：'根'
  [OK] 找到：https://hanyu-word-gif.cdn.bcebos.com/b84bb4be728f...
  等待 33.9 秒...
[236/1293] 正在查询：'论'
  [OK] 找到：https://hanyu-word-gif.cdn.bcebos.com/b49ff3b45427...
  等待 45.4 秒...
[237/1293] 正在查询：'运'
  [OK] 找到：https://hanyu-word-gif.cdn.bcebos.com/b279a33d5c42...
  等待 38.5 秒...
[238/1293] 正在查询：'农'
  [OK] 找到：https://hanyu-word-gif.cdn.bcebos.com/ba95ed42b36a...
  等待 26.1 秒...
[239/1293] 正在查询：'指'
  [OK] 找到：https://hanyu-word-gif.cdn.bcebos.com/b5dd58b75f6e...
  等待 19.5 秒...
[240/1293] 正在查询：'几'
  [OK] 找到：https://hanyu-word-gif.cdn.bcebos.com/b49c05168427...
  等待 47.5 秒...
[241/1293] '九' 已存在，跳过
[242/1293] 正在查询：'区'
  [OK] 找到：https://hanyu-word-gif.cdn.bcebos.com/b56cff6ff384...
  等待 34.9 秒...
[243/1293] 正在查询：'强'
  [OK] 找到：https://hanyu-word-gif.cdn.bcebos.com/b49d52df3427...
  等待 57.8 秒...
[244/1293] 正在查询：'放'
  [OK] 找到：https://hanyu-word-gif.cdn.bcebos.com/b243fedd0aa9...
  等待 39.4 秒...
[245/1293] 正在查询：'决'
  [OK] 找到：https://hanyu-word-gif.cdn.bcebos.com/b74e48ca8787...
  等待 16.5 秒...
[246/1293] 正在查询：'西'
  [OK] 找到：https://hanyu-word-gif.cdn.bcebos.com/b11c30e59f57...
  等待 50.8 秒...
[247/1293] 正在查询：'被'
  [OK] 找到：https://hanyu-word-gif.cdn.bcebos.com/bcde27aadddf...
  等待 33.3 秒...
[248/1293] 正在查询：'干'
  [OK] 找到：https://hanyu-word-gif.cdn.bcebos.com/b49d3735e427...
  等待 29.2 秒...
[249/1293] 正在查询：'做'
  [OK] 找到：https://hanyu-word-gif.cdn.bcebos.com/b5a2e5c70c3d...
  等待 44.1 秒...
[250/1293] 正在查询：'必'
  [OK] 找到：https://hanyu-word-gif.cdn.bcebos.com/b27680e0d494...
  等待 31.9 秒...
[251/1293] 正在查询：'战'
  [OK] 找到：https://hanyu-word-gif.cdn.bcebos.com/b651b5e4b82c...
  等待 53.4 秒...
[252/1293] 正在查询：'先'
  [OK] 找到：https://hanyu-word-gif.cdn.bcebos.com/baed70326200...
  等待 30.8 秒...
[253/1293] 正在查询：'回'
  [OK] 找到：https://hanyu-word-gif.cdn.bcebos.com/b05995c787dc...
  等待 19.5 秒...
[254/1293] 正在查询：'则'
  [OK] 找到：https://hanyu-word-gif.cdn.bcebos.com/b400aa553a25...
  等待 15.8 秒...
[255/1293] 正在查询：'任'
  [OK] 找到：https://hanyu-word-gif.cdn.bcebos.com/b49bc31bd427...
  等待 24.8 秒...
[256/1293] 正在查询：'取'
  [OK] 找到：https://hanyu-word-gif.cdn.bcebos.com/bbab50bb5739...
  等待 59.2 秒...
[257/1293] 正在查询：'完'
  [OK] 找到：https://hanyu-word-gif.cdn.bcebos.com/b4fb7e5b6bfc...
  等待 22.6 秒...
[258/1293] 正在查询：'据'
  [OK] 找到：https://hanyu-word-gif.cdn.bcebos.com/b649fa6a55a9...
  等待 22.4 秒...
[259/1293] 正在查询：'处'
  [OK] 找到：https://hanyu-word-gif.cdn.bcebos.com/b49cd9df0427...
  等待 10.3 秒...
[260/1293] 正在查询：'推'
  [OK] 找到：https://hanyu-word-gif.cdn.bcebos.com/b9f7295795ba...
  等待 25.7 秒...
[261/1293] 正在查询：'南'
  [OK] 找到：https://hanyu-word-gif.cdn.bcebos.com/b49c3a823427...
  等待 49.4 秒...
[262/1293] 正在查询：'科'
  [OK] 找到：https://hanyu-word-gif.cdn.bcebos.com/b1b1c9726d27...
  等待 39.1 秒...
[263/1293] 正在查询：'半'
  [OK] 找到：https://hanyu-word-gif.cdn.bcebos.com/bbf8a8dab1b4...
  等待 47.0 秒...
[264/1293] 正在查询：'给'
  [OK] 找到：https://hanyu-word-gif.cdn.bcebos.com/b49f4ad33427...
  等待 41.5 秒...
[265/1293] 正在查询：'市'
  [OK] 找到：https://hanyu-word-gif.cdn.bcebos.com/b5b8afe151d2...
  等待 35.6 秒...
[266/1293] 正在查询：'花'
  [OK] 找到：https://hanyu-word-gif.cdn.bcebos.com/b5018f79921d...
  等待 50.5 秒...
[267/1293] 正在查询：'领'
  [OK] 找到：https://hanyu-word-gif.cdn.bcebos.com/baecaaa65f1d...
  等待 29.1 秒...
[268/1293] 正在查询：'虫'
  [OK] 找到：https://hanyu-word-gif.cdn.bcebos.com/bb1a1a86e8b7...
  等待 48.0 秒...
[269/1293] 正在查询：'耳'
  [OK] 找到：https://hanyu-word-gif.cdn.bcebos.com/b830aa100d9a...
  等待 48.1 秒...
[270/1293] 正在查询：'目'
  [OK] 找到：https://hanyu-word-gif.cdn.bcebos.com/bf38af84dc9c...
  等待 40.0 秒...
[271/1293] 正在查询：'村'
  [OK] 找到：https://hanyu-word-gif.cdn.bcebos.com/b327ee9c3daf...
  等待 59.0 秒...
[272/1293] 正在查询：'绿'
  [OK] 找到：https://hanyu-word-gif.cdn.bcebos.com/b49f52ae6427...
  等待 14.5 秒...
[273/1293] 正在查询：'掌'
  [OK] 找到：https://hanyu-word-gif.cdn.bcebos.com/bb19495d8e60...
  等待 22.8 秒...
[274/1293] 正在查询：'叶'
  [OK] 找到：https://hanyu-word-gif.cdn.bcebos.com/b49c5cabd427...
  等待 13.1 秒...
[275/1293] 正在查询：'局'
  [OK] 找到：https://hanyu-word-gif.cdn.bcebos.com/bf80494ef33e...
  等待 55.8 秒...
[276/1293] 正在查询：'士'
  [OK] 找到：https://hanyu-word-gif.cdn.bcebos.com/b194a77d3ff5...
  等待 24.4 秒...
[277/1293] 正在查询：'功'
  [OK] 找到：https://hanyu-word-gif.cdn.bcebos.com/ba2896a1a8ea...
  等待 58.6 秒...
[278/1293] 正在查询：'紧'
  [OK] 找到：https://hanyu-word-gif.cdn.bcebos.com/b56744b1d9a9...
  等待 42.7 秒...
[279/1293] 正在查询：'映'
  [OK] 找到：https://hanyu-word-gif.cdn.bcebos.com/b7a658a5c6fd...
  等待 37.4 秒...
[280/1293] 正在查询：'考'
  [OK] 找到：https://hanyu-word-gif.cdn.bcebos.com/b21bd0e200db...
  等待 21.0 秒...
[281/1293] 正在查询：'眼'
  [OK] 找到：https://hanyu-word-gif.cdn.bcebos.com/b035d448b2f7...
  等待 52.2 秒...
[282/1293] 正在查询：'互'
  [OK] 找到：https://hanyu-word-gif.cdn.bcebos.com/b214f4d82a96...
  等待 28.9 秒...
[283/1293] 正在查询：'告'
  [OK] 找到：https://hanyu-word-gif.cdn.bcebos.com/b17dddb4a28c...
  等待 29.1 秒...
[284/1293] 正在查询：'连'
  [OK] 找到：https://hanyu-word-gif.cdn.bcebos.com/b15bb29d1bbe...
  等待 37.1 秒...
[285/1293] 正在查询：'司'
  [OK] 找到：https://hanyu-word-gif.cdn.bcebos.com/b78317d529f9...
  等待 43.0 秒...
[286/1293] 正在查询：'黑'
  [OK] 找到：https://hanyu-word-gif.cdn.bcebos.com/b9c9c4d500b6...
  等待 32.8 秒...
[287/1293] 正在查询：'存'
  [OK] 找到：https://hanyu-word-gif.cdn.bcebos.com/b535a7f596f5...
  等待 30.3 秒...
[288/1293] 正在查询：'父'
  [OK] 找到：https://hanyu-word-gif.cdn.bcebos.com/b49eb9cba427...
  等待 29.8 秒...
[289/1293] 正在查询：'母'
  [OK] 找到：https://hanyu-word-gif.cdn.bcebos.com/bd4417261702...
  等待 50.6 秒...
[290/1293] 正在查询：'怕'
  [OK] 找到：https://hanyu-word-gif.cdn.bcebos.com/b510e249e294...
  等待 49.2 秒...
[291/1293] 正在查询：'输'
  [OK] 找到：https://hanyu-word-gif.cdn.bcebos.com/bb610a811f4e...
  等待 39.4 秒...
[292/1293] 正在查询：'怀'
  [OK] 找到：https://hanyu-word-gif.cdn.bcebos.com/be05cf256d4f...
  等待 23.6 秒...
[293/1293] 正在查询：'冬'
  [OK] 找到：https://hanyu-word-gif.cdn.bcebos.com/b34e1019e638...
  等待 42.7 秒...
[294/1293] 正在查询：'阵'
  [OK] 找到：https://hanyu-word-gif.cdn.bcebos.com/bbe2c9c4d831...
  等待 26.3 秒...
[295/1293] 正在查询：'补'
  [OK] 找到：https://hanyu-word-gif.cdn.bcebos.com/b70d752b80c1...
  等待 41.1 秒...
[296/1293] 正在查询：'冷'
  [OK] 找到：https://hanyu-word-gif.cdn.bcebos.com/b08a578c0aba...
  等待 40.8 秒...
[297/1293] 正在查询：'非'
  [OK] 找到：https://hanyu-word-gif.cdn.bcebos.com/bb7db2a54c68...
  等待 44.4 秒...
[298/1293] 正在查询：'刻'
  [OK] 找到：https://hanyu-word-gif.cdn.bcebos.com/b1744b794301...
  等待 53.3 秒...
[299/1293] 正在查询：'念'
  [OK] 找到：https://hanyu-word-gif.cdn.bcebos.com/bb6a85a5f863...
  等待 56.3 秒...
[300/1293] 正在查询：'依'
  [OK] 找到：https://hanyu-word-gif.cdn.bcebos.com/bc3df48013a7...
  等待 37.3 秒...
[301/1293] 正在查询：'棉'
  [OK] 找到：https://hanyu-word-gif.cdn.bcebos.com/ba6be8e2ec5d...
  等待 28.3 秒...
[302/1293] 正在查询：'引'
  [OK] 找到：https://hanyu-word-gif.cdn.bcebos.com/b56513dc552b...
  等待 21.7 秒...
[303/1293] 正在查询：'城'
  [OK] 找到：https://hanyu-word-gif.cdn.bcebos.com/be28638f6a0f...
  等待 46.9 秒...
[304/1293] 正在查询：'尺'
  [OK] 找到：https://hanyu-word-gif.cdn.bcebos.com/be251e896109...
  等待 54.0 秒...
[305/1293] 正在查询：'追'
  [OK] 找到：https://hanyu-word-gif.cdn.bcebos.com/b95e7f17faa8...
  等待 19.0 秒...
[306/1293] 正在查询：'初'
  [OK] 找到：https://hanyu-word-gif.cdn.bcebos.com/bf0ce7943b74...
  等待 57.9 秒...
[307/1293] 正在查询：'衣'
